[  674744ms] [ERROR] %o

%s

%s
 TypeError: Component is not a function
    at Object.react_stack_bottom_frame (http://localhost/node_modules/.vite/deps/react-dom_client.js?v=50de756a:18509:20)
    at renderWithHooks (http://localhost/node_modules/.vite/deps/react-dom_client.js?v=50de756a:5654:24)
    at updateFunctionComponent (http://localhost/node_modules/.vite/deps/react-dom_client.js?v=50de756a:7475:21)
    at beginWork (http://localhost/node_modules/.vite/deps/react-dom_client.js?v=50de756a:8525:20)
    at runWithFiberInDEV (http://localhost/node_modules/.vite/deps/react-dom_client.js?v=50de756a:997:72)
    at performUnitOfWork (http://localhost/node_modules/.vite/deps/react-dom_client.js?v=50de756a:12561:98)
    at workLoopSync (http://localhost/node_modules/.vite/deps/react-dom_client.js?v=50de756a:12424:43)
    at renderRootSync (http://localhost/node_modules/.vite/deps/react-dom_client.js?v=50de756a:12408:13)
    at performWorkOnRoot (http://localhost/node_modules/.vite/deps/react-dom_client.js?v=50de756a:11827:37)
    at performSyncWorkOnRoot (http://localhost/node_modules/.vite/deps/react-dom_client.js?v=50de756a:13517:9) The above error occurred in one of your React components. React will try to recreate this component tree from scratch using the error boundary you provided, ErrorBoundary. @ http://localhost/node_modules/.vite/deps/react-dom_client.js?v=50de756a:7000
[  674744ms] [ERROR] Uncaught error: TypeError: Component is not a function
    at Object.react_stack_bottom_frame (http://localhost/node_modules/.vite/deps/react-dom_client.js?v=50de756a:18509:20)
    at renderWithHooks (http://localhost/node_modules/.vite/deps/react-dom_client.js?v=50de756a:5654:24)
    at updateFunctionComponent (http://localhost/node_modules/.vite/deps/react-dom_client.js?v=50de756a:7475:21)
    at beginWork (http://localhost/node_modules/.vite/deps/react-dom_client.js?v=50de756a:8525:20)
    at runWithFiberInDEV (http://localhost/node_modules/.vite/deps/react-dom_client.js?v=50de756a:997:72)
    at performUnitOfWork (http://localhost/node_modules/.vite/deps/react-dom_client.js?v=50de756a:12561:98)
    at workLoopSync (http://localhost/node_modules/.vite/deps/react-dom_client.js?v=50de756a:12424:43)
    at renderRootSync (http://localhost/node_modules/.vite/deps/react-dom_client.js?v=50de756a:12408:13)
    at performWorkOnRoot (http://localhost/node_modules/.vite/deps/react-dom_client.js?v=50de756a:11827:37)
    at performSyncWorkOnRoot (http://localhost/node_modules/.vite/deps/react-dom_client.js?v=50de756a:13517:9) {componentStack: 
    at TodoItem (http://localhost/src/components/…//localhost/src/components/ErrorBoundary.tsx:5:5)} @ http://localhost/src/components/ErrorBoundary.tsx:11
